#
# A fatal error has been detected by the Java Runtime Environment:
#
#  SIGBUS (0xa) at pc=0x000000010d799973, pid=7006, tid=123145517314048
#
# JRE version: 7.0_04-b21
# Java VM: Java HotSpot(TM) 64-Bit Server VM (23.0-b21 mixed mode bsd-amd64 compressed oops)
# Problematic frame:
# J  java.util.zip.ZipCoder.getBytes(Ljava/lang/String;)[B
#
# Failed to write core dump. Core dumps have been disabled. To enable core dumping, try "ulimit -c unlimited" before starting Java again
#
# If you would like to submit a bug report, please visit:
#   http://bugreport.sun.com/bugreport/crash.jsp
#

---------------  T H R E A D  ---------------

Current thread (0x00007f85aa003800):  JavaThread "main" [_thread_in_Java, id=215003136, stack(0x000070000cc0b000,0x000070000cd0b000)]

siginfo:si_signo=SIGBUS: si_errno=0, si_code=2 (BUS_ADRERR), si_addr=0x00000001147df008

Registers:
RAX=0x000000010d32d5e0, RBX=0x000070000cd09390, RCX=0x00000025510e5601, RDX=0x000000061c21eb10
RSP=0x000070000cd09320, RBP=0x000000061c21f030, RSI=0x000000061c21f1d8, RDI=0x00007f85aa003800
R8 =0x00000000a0f4803b, R9 =0x0000000000000061, R10=0x00007f85a9d34100, R11=0x000000010d798f00
R12=0x00000001147df000, R13=0x000000061c21f1d8, R14=0x0000000000000000, R15=0x00007f85aa003800
RIP=0x000000010d799973, EFLAGS=0x0000000000010202, ERR=0x0000000000000004
  TRAPNO=0x000000000000000e

Top of Stack: (sp=0x000070000cd09320)
0x000070000cd09320:   00007f85aa003800 000070000cd09390
0x000070000cd09330:   000070000cd09428 00007f85aa003800
0x000070000cd09340:   000000061c21f030 000000010d77fe08
0x000070000cd09350:   000000061c21f030 000000010d798f90
0x000070000cd09360:   000000061c21ea70 000000061c21eb10
0x000070000cd09370:   000070000cd09370 00000001149b858d
0x000070000cd09380:   000070000cd093c0 00007f85a9d34100
0x000070000cd09390:   00000025510e5601 00000001149b85a0
0x000070000cd093a0:   000070000cd09408 000000010d727333
0x000070000cd093b0:   000000010d727333 000000061c21eb10
0x000070000cd093c0:   000000061c21f030 000070000cd093c8
0x000070000cd093d0:   0000000114b01832 000070000cd09428
0x000070000cd093e0:   0000000114b02688 0000000000000000
0x000070000cd093f0:   0000000114b01888 000070000cd093b8
0x000070000cd09400:   000070000cd09420 000070000cd09478
0x000070000cd09410:   000000010d727333 0000000000000000
0x000070000cd09420:   000000061c21eb10 000000061c21f030
0x000070000cd09430:   000000061c21ea18 000070000cd09438
0x000070000cd09440:   0000000114afba16 000070000cd09490
0x000070000cd09450:   0000000114afe6b0 0000000000000000
0x000070000cd09460:   0000000114afba88 000070000cd09420
0x000070000cd09470:   000070000cd09490 000070000cd094d8
0x000070000cd09480:   000000010d727158 0000000000000000
0x000070000cd09490:   000000061c21ea18 000070000cd09498
0x000070000cd094a0:   0000000114afb701 000070000cd094e8
0x000070000cd094b0:   0000000114afe6b0 0000000000000000
0x000070000cd094c0:   0000000114afb718 000070000cd09490
0x000070000cd094d0:   000070000cd094e8 000070000cd09530
0x000070000cd094e0:   000000010d727333 000000061c21ea18
0x000070000cd094f0:   000070000cd094f0 0000000114ae73ba
0x000070000cd09500:   000070000cd09618 0000000114aef8e0
0x000070000cd09510:   0000000000000000 0000000114ae7be8 

Instructions: (pc=0x000000010d799973)
0x000000010d799953:   ff 0f 1f 84 00 00 00 00 00 66 66 66 90 89 84 24
0x000000010d799963:   00 c0 fe ff 55 48 83 ec 30 4c 8b ee 44 8b 76 18
0x000000010d799973:   47 8b 54 f4 08 43 c7 44 f4 14 00 00 00 00 8b 5a
0x000000010d799983:   14 4f 8d 04 f4 81 fb 00 00 08 00 0f 87 f2 02 00 

Register to memory mapping:

RAX=0x000000010d32d5e0: _ZN20SafepointSynchronize6_stateE+0 in /Library/Java/JavaVirtualMachines/1.7.0.jdk/Contents/Home/jre/lib/server/libjvm.dylib at 0x000000010cc00000
RBX=0x000070000cd09390 is pointing into the stack for thread: 0x00007f85aa003800
RCX=0x00000025510e5601 is an unknown value
RDX=0x000000061c21eb10 is an oop
java.lang.String 
 - klass: 'java/lang/String'
RSP=0x000070000cd09320 is pointing into the stack for thread: 0x00007f85aa003800
RBP=0x000000061c21f030 is an oop
sun.net.www.protocol.jar.URLJarFile 
 - klass: 'sun/net/www/protocol/jar/URLJarFile'
RSI=0x000000061c21f1d8 is an oop
java.util.zip.ZipCoder 
 - klass: 'java/util/zip/ZipCoder'
RDI=0x00007f85aa003800 is a thread
R8 =0x00000000a0f4803b is an unknown value
R9 =0x0000000000000061 is an unknown value
R10=0x00007f85a9d34100 is an unknown value
R11=0x000000010d798d50 [CodeBlob (0x000000010d798d50)]
Framesize: 10
R12=0x00000001147df000 is an unknown value
R13=0x000000061c21f1d8 is an oop
java.util.zip.ZipCoder 
 - klass: 'java/util/zip/ZipCoder'
R14=0x0000000000000000 is an unknown value
R15=0x00007f85aa003800 is a thread


Stack: [0x000070000cc0b000,0x000070000cd0b000],  sp=0x000070000cd09320,  free space=1016k
Native frames: (J=compiled Java code, j=interpreted, Vv=VM code, C=native code)
J  java.util.zip.ZipCoder.getBytes(Ljava/lang/String;)[B


---------------  P R O C E S S  ---------------

Java Threads: ( => current thread )
  0x00007f85aa078000 JavaThread "JavaCPP Deallocator" daemon [_thread_blocked, id=233037824, stack(0x000070000dd3e000,0x000070000de3e000)]
  0x00007f85aa82b800 JavaThread "Service Thread" daemon [_thread_blocked, id=230916096, stack(0x000070000db38000,0x000070000dc38000)]
  0x00007f85ad802000 JavaThread "C2 CompilerThread1" daemon [_thread_blocked, id=229855232, stack(0x000070000da35000,0x000070000db35000)]
  0x00007f85ad800000 JavaThread "C2 CompilerThread0" daemon [_thread_blocked, id=228794368, stack(0x000070000d932000,0x000070000da32000)]
  0x00007f85ac029800 JavaThread "Signal Dispatcher" daemon [_thread_blocked, id=227733504, stack(0x000070000d82f000,0x000070000d92f000)]
  0x00007f85ab007800 JavaThread "Finalizer" daemon [_thread_blocked, id=226672640, stack(0x000070000d72c000,0x000070000d82c000)]
  0x00007f85ab007000 JavaThread "Reference Handler" daemon [_thread_blocked, id=225611776, stack(0x000070000d629000,0x000070000d729000)]
=>0x00007f85aa003800 JavaThread "main" [_thread_in_Java, id=215003136, stack(0x000070000cc0b000,0x000070000cd0b000)]

Other Threads:
  0x00007f85ac028000 VMThread [stack: 0x000070000d526000,0x000070000d626000] [id=224550912]
  0x00007f85ad802800 WatcherThread [stack: 0x000070000dc3b000,0x000070000dd3b000] [id=231976960]

VM state:not at safepoint (normal execution)

VM Mutex/Monitor currently owned by a thread: None

Heap
 PSYoungGen      total 611648K, used 104858K [0x0000000616340000, 0x0000000640de0000, 0x00000008947e0000)
  eden space 524288K, 20% used [0x0000000616340000,0x000000061c9a6b28,0x0000000636340000)
  from space 87360K, 0% used [0x000000063b890000,0x000000063b890000,0x0000000640de0000)
  to   space 87360K, 0% used [0x0000000636340000,0x0000000636340000,0x000000063b890000)
 ParOldGen       total 1398144K, used 0K [0x00000001199e0000, 0x000000016ef40000, 0x0000000616340000)
  object space 1398144K, 0% used [0x00000001199e0000,0x00000001199e0000,0x000000016ef40000)
 PSPermGen       total 21248K, used 4421K [0x00000001147e0000, 0x0000000115ca0000, 0x00000001199e0000)
  object space 21248K, 20% used [0x00000001147e0000,0x0000000114c315b8,0x0000000115ca0000)

Code Cache  [0x000000010d721000, 0x000000010d991000, 0x0000000110721000)
 total_blobs=330 nmethods=73 adapters=210 free_code_cache=48592Kb largest_free_block=49739584

Compilation events (10 events):
Event: 0.702 Thread 0x00007f85ad800000   66             java.lang.String::indexOf (29 bytes)
Event: 0.702 Thread 0x00007f85ad800000 nmethod 66 0x000000010d7a5010 code [0x000000010d7a5160, 0x000000010d7a5228]
Event: 0.703 Thread 0x00007f85ad800000   67             java.lang.StringBuilder::<init> (7 bytes)
Event: 0.704 Thread 0x00007f85ad800000 nmethod 67 0x000000010d7a7cd0 code [0x000000010d7a7e20, 0x000000010d7a7f38]
Event: 0.704 Thread 0x00007f85ad800000   68             java.lang.StringBuilder::toString (17 bytes)
Event: 0.707 Thread 0x00007f85ad800000 nmethod 68 0x000000010d7a6b90 code [0x000000010d7a6ce0, 0x000000010d7a6ff8]
Event: 0.714 Thread 0x00007f85ad802000 nmethod 64 0x000000010d7afc50 code [0x000000010d7afe80, 0x000000010d7b0c50]
Event: 0.724 Thread 0x00007f85ad800000   69             sun.misc.MetaIndex::mayContain (51 bytes)
Event: 0.725 Thread 0x00007f85ad802000    4 %           sun.misc.URLClassPath$1::next @ 9 (59 bytes)
Event: 0.731 Thread 0x00007f85ad800000 nmethod 69 0x000000010d7a6490 code [0x000000010d7a65e0, 0x000000010d7a6998]

GC Heap History (0 events):
No events

Deoptimization events (4 events):
Event: 0.716 Thread 0x00007f85aa003800 Uncommon trap -83 fr.pc 0x000000010d7a35b8
Event: 0.716 Thread 0x00007f85aa003800 Uncommon trap -34 fr.pc 0x000000010d7aa18c
Event: 0.716 Thread 0x00007f85aa003800 Uncommon trap -83 fr.pc 0x000000010d79b9bc
Event: 0.733 Thread 0x00007f85aa003800 Uncommon trap -83 fr.pc 0x000000010d7aa730

Internal exceptions (10 events):
Event: 0.306 Thread 0x00007f85aa003800 Threw 0x000000061683fcb8 at /HUDSON/workspace/jdk7u4-2-build-macosx-x86_64-product/jdk7u4/hotspot/src/share/vm/prims/jvm.cpp:1166
Event: 0.306 Thread 0x00007f85aa003800 Threw 0x00000006168409c8 at /HUDSON/workspace/jdk7u4-2-build-macosx-x86_64-product/jdk7u4/hotspot/src/share/vm/prims/jvm.cpp:1166
Event: 0.306 Thread 0x00007f85aa003800 Threw 0x0000000616840af0 at /HUDSON/workspace/jdk7u4-2-build-macosx-x86_64-product/jdk7u4/hotspot/src/share/vm/prims/jvm.cpp:1166
Event: 0.306 Thread 0x00007f85aa003800 Threw 0x0000000616841800 at /HUDSON/workspace/jdk7u4-2-build-macosx-x86_64-product/jdk7u4/hotspot/src/share/vm/prims/jvm.cpp:1166
Event: 0.306 Thread 0x00007f85aa003800 Threw 0x0000000616841928 at /HUDSON/workspace/jdk7u4-2-build-macosx-x86_64-product/jdk7u4/hotspot/src/share/vm/prims/jvm.cpp:1166
Event: 0.306 Thread 0x00007f85aa003800 Threw 0x0000000616842618 at /HUDSON/workspace/jdk7u4-2-build-macosx-x86_64-product/jdk7u4/hotspot/src/share/vm/prims/jvm.cpp:1166
Event: 0.306 Thread 0x00007f85aa003800 Threw 0x0000000616842740 at /HUDSON/workspace/jdk7u4-2-build-macosx-x86_64-product/jdk7u4/hotspot/src/share/vm/prims/jvm.cpp:1166
Event: 0.306 Thread 0x00007f85aa003800 Threw 0x0000000616843468 at /HUDSON/workspace/jdk7u4-2-build-macosx-x86_64-product/jdk7u4/hotspot/src/share/vm/prims/jvm.cpp:1166
Event: 0.306 Thread 0x00007f85aa003800 Threw 0x0000000616843590 at /HUDSON/workspace/jdk7u4-2-build-macosx-x86_64-product/jdk7u4/hotspot/src/share/vm/prims/jvm.cpp:1166
Event: 0.733 Thread 0x00007f85aa003800 Implicit null exception at 0x000000010d7a9af0 to 0x000000010d7aa705

Events (10 events):
Event: 0.716 Thread 0x00007f85aa003800 DEOPT PACKING pc=0x000000010d7aa18c sp=0x000070000cd089c0
Event: 0.716 Thread 0x00007f85aa003800 DEOPT UNPACKING pc=0x000000010d75a145 sp=0x000070000cd08958 mode 2
Event: 0.716 Thread 0x00007f85aa003800 DEOPT PACKING pc=0x000000010d79b9bc sp=0x000070000cd08bc0
Event: 0.716 Thread 0x00007f85aa003800 DEOPT UNPACKING pc=0x000000010d75a145 sp=0x000070000cd08b18 mode 2
Event: 0.732 loading class 0x00007f85a9f14930
Event: 0.732 loading class 0x00007f85a9f14930 done
Event: 0.733 loading class 0x00007f85a9f310b0
Event: 0.733 loading class 0x00007f85a9f310b0 done
Event: 0.733 Thread 0x00007f85aa003800 DEOPT PACKING pc=0x000000010d7aa730 sp=0x000070000cd09180
Event: 0.733 Thread 0x00007f85aa003800 DEOPT UNPACKING pc=0x000000010d75a145 sp=0x000070000cd09138 mode 2


Dynamic libraries:
0x000000002fcfa000 	/System/Library/Frameworks/Cocoa.framework/Versions/A/Cocoa
0x000000002fcfa000 	/System/Library/Frameworks/Security.framework/Versions/A/Security
0x000000002fcfa000 	/System/Library/Frameworks/ApplicationServices.framework/Versions/A/ApplicationServices
0x000000002fcfa000 	/usr/lib/libz.1.dylib
0x000000002fcfa000 	/usr/lib/libSystem.B.dylib
0x000000002fcfa000 	/usr/lib/libobjc.A.dylib
0x000000002fcfa000 	/System/Library/Frameworks/CoreFoundation.framework/Versions/A/CoreFoundation
0x000000002fcfa000 	/System/Library/Frameworks/AppKit.framework/Versions/C/AppKit
0x000000002fcfa000 	/System/Library/Frameworks/CoreData.framework/Versions/A/CoreData
0x000000002fcfa000 	/System/Library/Frameworks/Foundation.framework/Versions/C/Foundation
0x000000002fcfa000 	/System/Library/PrivateFrameworks/RemoteViewServices.framework/Versions/A/RemoteViewServices
0x000000002fcfa000 	/System/Library/PrivateFrameworks/UIFoundation.framework/Versions/A/UIFoundation
0x000000002fcfa000 	/System/Library/PrivateFrameworks/DFRFoundation.framework/Versions/A/DFRFoundation
0x000000002fcfa000 	/System/Library/Frameworks/Metal.framework/Versions/A/Metal
0x000000002fcfa000 	/System/Library/PrivateFrameworks/DesktopServicesPriv.framework/Versions/A/DesktopServicesPriv
0x000000002fcfa000 	/usr/lib/libenergytrace.dylib
0x000000002fcfa000 	/System/Library/PrivateFrameworks/SkyLight.framework/Versions/A/SkyLight
0x000000002fcfa000 	/System/Library/Frameworks/CoreGraphics.framework/Versions/A/CoreGraphics
0x000000002fcfa000 	/usr/lib/libScreenReader.dylib
0x000000002fcfa000 	/System/Library/Frameworks/Accelerate.framework/Versions/A/Accelerate
0x000000002fcfa000 	/System/Library/Frameworks/IOSurface.framework/Versions/A/IOSurface
0x000000002fcfa000 	/System/Library/Frameworks/AudioToolbox.framework/Versions/A/AudioToolbox
0x000000002fcfa000 	/System/Library/Frameworks/AudioUnit.framework/Versions/A/AudioUnit
0x000000002fcfa000 	/System/Library/PrivateFrameworks/DataDetectorsCore.framework/Versions/A/DataDetectorsCore
0x000000002fcfa000 	/System/Library/Frameworks/Carbon.framework/Versions/A/Frameworks/HIToolbox.framework/Versions/A/HIToolbox
0x000000002fcfa000 	/usr/lib/libicucore.A.dylib
0x000000002fcfa000 	/System/Library/Frameworks/QuartzCore.framework/Versions/A/QuartzCore
0x000000002fcfa000 	/System/Library/PrivateFrameworks/SignpostNotification.framework/Versions/A/SignpostNotification
0x000000002fcfa000 	/System/Library/Frameworks/Carbon.framework/Versions/A/Frameworks/SpeechRecognition.framework/Versions/A/SpeechRecognition
0x000000002fcfa000 	/usr/lib/libauto.dylib
0x000000002fcfa000 	/usr/lib/libxml2.2.dylib
0x000000002fcfa000 	/System/Library/PrivateFrameworks/CoreUI.framework/Versions/A/CoreUI
0x000000002fcfa000 	/System/Library/Frameworks/CoreAudio.framework/Versions/A/CoreAudio
0x000000002fcfa000 	/System/Library/Frameworks/DiskArbitration.framework/Versions/A/DiskArbitration
0x000000002fcfa000 	/usr/lib/liblangid.dylib
0x000000002fcfa000 	/System/Library/PrivateFrameworks/MultitouchSupport.framework/Versions/A/MultitouchSupport
0x000000002fcfa000 	/System/Library/Frameworks/IOKit.framework/Versions/A/IOKit
0x000000002fcfa000 	/usr/lib/libDiagnosticMessagesClient.dylib
0x000000002fcfa000 	/System/Library/Frameworks/CoreServices.framework/Versions/A/CoreServices
0x000000002fcfa000 	/System/Library/PrivateFrameworks/PerformanceAnalysis.framework/Versions/A/PerformanceAnalysis
0x000000002fcfa000 	/System/Library/Frameworks/OpenGL.framework/Versions/A/OpenGL
0x000000002fcfa000 	/System/Library/Frameworks/ColorSync.framework/Versions/A/ColorSync
0x000000002fcfa000 	/System/Library/Frameworks/CoreImage.framework/Versions/A/CoreImage
0x000000002fcfa000 	/System/Library/Frameworks/CoreText.framework/Versions/A/CoreText
0x000000002fcfa000 	/System/Library/Frameworks/ImageIO.framework/Versions/A/ImageIO
0x000000002fcfa000 	/System/Library/PrivateFrameworks/Backup.framework/Versions/A/Backup
0x000000002fcfa000 	/usr/lib/libarchive.2.dylib
0x000000002fcfa000 	/System/Library/Frameworks/CFNetwork.framework/Versions/A/CFNetwork
0x000000002fcfa000 	/System/Library/Frameworks/SystemConfiguration.framework/Versions/A/SystemConfiguration
0x000000002fcfa000 	/usr/lib/libCRFSuite.dylib
0x000000002fcfa000 	/usr/lib/libc++.1.dylib
0x000000002fcfa000 	/usr/lib/libc++abi.dylib
0x000000002fcfa000 	/usr/lib/system/libcache.dylib
0x000000002fcfa000 	/usr/lib/system/libcommonCrypto.dylib
0x000000002fcfa000 	/usr/lib/system/libcompiler_rt.dylib
0x000000002fcfa000 	/usr/lib/system/libcopyfile.dylib
0x000000002fcfa000 	/usr/lib/system/libcorecrypto.dylib
0x000000002fcfa000 	/usr/lib/system/libdispatch.dylib
0x000000002fcfa000 	/usr/lib/system/libdyld.dylib
0x000000002fcfa000 	/usr/lib/system/libkeymgr.dylib
0x000000002fcfa000 	/usr/lib/system/liblaunch.dylib
0x000000002fcfa000 	/usr/lib/system/libmacho.dylib
0x000000002fcfa000 	/usr/lib/system/libquarantine.dylib
0x000000002fcfa000 	/usr/lib/system/libremovefile.dylib
0x000000002fcfa000 	/usr/lib/system/libsystem_asl.dylib
0x000000002fcfa000 	/usr/lib/system/libsystem_blocks.dylib
0x000000002fcfa000 	/usr/lib/system/libsystem_c.dylib
0x000000002fcfa000 	/usr/lib/system/libsystem_configuration.dylib
0x000000002fcfa000 	/usr/lib/system/libsystem_coreservices.dylib
0x000000002fcfa000 	/usr/lib/system/libsystem_darwin.dylib
0x000000002fcfa000 	/usr/lib/system/libsystem_dnssd.dylib
0x000000002fcfa000 	/usr/lib/system/libsystem_info.dylib
0x000000002fcfa000 	/usr/lib/system/libsystem_m.dylib
0x000000002fcfa000 	/usr/lib/system/libsystem_malloc.dylib
0x000000002fcfa000 	/usr/lib/system/libsystem_network.dylib
0x000000002fcfa000 	/usr/lib/system/libsystem_networkextension.dylib
0x000000002fcfa000 	/usr/lib/system/libsystem_notify.dylib
0x000000002fcfa000 	/usr/lib/system/libsystem_sandbox.dylib
0x000000002fcfa000 	/usr/lib/system/libsystem_secinit.dylib
0x000000002fcfa000 	/usr/lib/system/libsystem_kernel.dylib
0x000000002fcfa000 	/usr/lib/system/libsystem_platform.dylib
0x000000002fcfa000 	/usr/lib/system/libsystem_pthread.dylib
0x000000002fcfa000 	/usr/lib/system/libsystem_symptoms.dylib
0x000000002fcfa000 	/usr/lib/system/libsystem_trace.dylib
0x000000002fcfa000 	/usr/lib/system/libunwind.dylib
0x000000002fcfa000 	/usr/lib/system/libxpc.dylib
0x000000002fcfa000 	/usr/lib/closure/libclosured.dylib
0x000000002fcfa000 	/usr/lib/libbsm.0.dylib
0x000000002fcfa000 	/usr/lib/system/libkxld.dylib
0x000000002fcfa000 	/usr/lib/libOpenScriptingUtil.dylib
0x000000002fcfa000 	/usr/lib/libcoretls.dylib
0x000000002fcfa000 	/usr/lib/libcoretls_cfhelpers.dylib
0x000000002fcfa000 	/usr/lib/libpam.2.dylib
0x000000002fcfa000 	/usr/lib/libsqlite3.dylib
0x000000002fcfa000 	/usr/lib/libxar.1.dylib
0x000000002fcfa000 	/usr/lib/libbz2.1.0.dylib
0x000000002fcfa000 	/usr/lib/liblzma.5.dylib
0x000000002fcfa000 	/usr/lib/libnetwork.dylib
0x000000002fcfa000 	/usr/lib/libapple_nghttp2.dylib
0x000000002fcfa000 	/usr/lib/libpcap.A.dylib
0x000000002fcfa000 	/usr/lib/libboringssl.dylib
0x000000002fcfa000 	/usr/lib/libusrtcp.dylib
0x000000002fcfa000 	/usr/lib/libapple_crypto.dylib
0x000000002fcfa000 	/System/Library/Frameworks/CoreServices.framework/Versions/A/Frameworks/FSEvents.framework/Versions/A/FSEvents
0x000000002fcfa000 	/System/Library/Frameworks/CoreServices.framework/Versions/A/Frameworks/CarbonCore.framework/Versions/A/CarbonCore
0x000000002fcfa000 	/System/Library/Frameworks/CoreServices.framework/Versions/A/Frameworks/Metadata.framework/Versions/A/Metadata
0x000000002fcfa000 	/System/Library/Frameworks/CoreServices.framework/Versions/A/Frameworks/OSServices.framework/Versions/A/OSServices
0x000000002fcfa000 	/System/Library/Frameworks/CoreServices.framework/Versions/A/Frameworks/SearchKit.framework/Versions/A/SearchKit
0x000000002fcfa000 	/System/Library/Frameworks/CoreServices.framework/Versions/A/Frameworks/AE.framework/Versions/A/AE
0x000000002fcfa000 	/System/Library/Frameworks/CoreServices.framework/Versions/A/Frameworks/LaunchServices.framework/Versions/A/LaunchServices
0x000000002fcfa000 	/System/Library/Frameworks/CoreServices.framework/Versions/A/Frameworks/DictionaryServices.framework/Versions/A/DictionaryServices
0x000000002fcfa000 	/System/Library/Frameworks/CoreServices.framework/Versions/A/Frameworks/SharedFileList.framework/Versions/A/SharedFileList
0x000000002fcfa000 	/System/Library/Frameworks/NetFS.framework/Versions/A/NetFS
0x000000002fcfa000 	/System/Library/PrivateFrameworks/NetAuth.framework/Versions/A/NetAuth
0x000000002fcfa000 	/System/Library/PrivateFrameworks/login.framework/Versions/A/Frameworks/loginsupport.framework/Versions/A/loginsupport
0x000000002fcfa000 	/System/Library/PrivateFrameworks/TCC.framework/Versions/A/TCC
0x000000002fcfa000 	/usr/lib/libmecabra.dylib
0x000000002fcfa000 	/System/Library/Frameworks/ApplicationServices.framework/Versions/A/Frameworks/ATS.framework/Versions/A/ATS
0x000000002fcfa000 	/System/Library/Frameworks/ApplicationServices.framework/Versions/A/Frameworks/ColorSyncLegacy.framework/Versions/A/ColorSyncLegacy
0x000000002fcfa000 	/System/Library/Frameworks/ApplicationServices.framework/Versions/A/Frameworks/HIServices.framework/Versions/A/HIServices
0x000000002fcfa000 	/System/Library/Frameworks/ApplicationServices.framework/Versions/A/Frameworks/LangAnalysis.framework/Versions/A/LangAnalysis
0x000000002fcfa000 	/System/Library/Frameworks/ApplicationServices.framework/Versions/A/Frameworks/PrintCore.framework/Versions/A/PrintCore
0x000000002fcfa000 	/System/Library/Frameworks/ApplicationServices.framework/Versions/A/Frameworks/QD.framework/Versions/A/QD
0x000000002fcfa000 	/System/Library/Frameworks/ApplicationServices.framework/Versions/A/Frameworks/SpeechSynthesis.framework/Versions/A/SpeechSynthesis
0x000000002fcfa000 	/System/Library/Frameworks/CoreDisplay.framework/Versions/A/CoreDisplay
0x000000002fcfa000 	/System/Library/Frameworks/Accelerate.framework/Versions/A/Frameworks/vImage.framework/Versions/A/vImage
0x000000002fcfa000 	/System/Library/Frameworks/Accelerate.framework/Versions/A/Frameworks/vecLib.framework/Versions/A/vecLib
0x000000002fcfa000 	/System/Library/Frameworks/Accelerate.framework/Versions/A/Frameworks/vecLib.framework/Versions/A/libvDSP.dylib
0x000000002fcfa000 	/System/Library/Frameworks/Accelerate.framework/Versions/A/Frameworks/vecLib.framework/Versions/A/libBNNS.dylib
0x000000002fcfa000 	/System/Library/Frameworks/Accelerate.framework/Versions/A/Frameworks/vecLib.framework/Versions/A/libQuadrature.dylib
0x000000002fcfa000 	/System/Library/Frameworks/Accelerate.framework/Versions/A/Frameworks/vecLib.framework/Versions/A/libvMisc.dylib
0x000000002fcfa000 	/System/Library/Frameworks/Accelerate.framework/Versions/A/Frameworks/vecLib.framework/Versions/A/libLAPACK.dylib
0x000000002fcfa000 	/System/Library/Frameworks/Accelerate.framework/Versions/A/Frameworks/vecLib.framework/Versions/A/libBLAS.dylib
0x000000002fcfa000 	/System/Library/Frameworks/Accelerate.framework/Versions/A/Frameworks/vecLib.framework/Versions/A/libLinearAlgebra.dylib
0x000000002fcfa000 	/System/Library/Frameworks/Accelerate.framework/Versions/A/Frameworks/vecLib.framework/Versions/A/libSparse.dylib
0x000000002fcfa000 	/System/Library/Frameworks/Accelerate.framework/Versions/A/Frameworks/vecLib.framework/Versions/A/libSparseBLAS.dylib
0x000000002fcfa000 	/System/Library/PrivateFrameworks/GPUWrangler.framework/Versions/A/GPUWrangler
0x000000002fcfa000 	/System/Library/PrivateFrameworks/IOAccelerator.framework/Versions/A/IOAccelerator
0x000000002fcfa000 	/System/Library/PrivateFrameworks/IOPresentment.framework/Versions/A/IOPresentment
0x000000002fcfa000 	/System/Library/PrivateFrameworks/DSExternalDisplay.framework/Versions/A/DSExternalDisplay
0x000000002fcfa000 	/System/Library/Frameworks/OpenGL.framework/Versions/A/Libraries/libCoreFSCache.dylib
0x000000002fcfa000 	/System/Library/Frameworks/CoreVideo.framework/Versions/A/CoreVideo
0x000000002fcfa000 	/System/Library/PrivateFrameworks/GraphVisualizer.framework/Versions/A/GraphVisualizer
0x000000002fcfa000 	/System/Library/Frameworks/MetalPerformanceShaders.framework/Versions/A/MetalPerformanceShaders
0x000000002fcfa000 	/usr/lib/libFosl_dynamic.dylib
0x000000002fcfa000 	/System/Library/PrivateFrameworks/FaceCore.framework/Versions/A/FaceCore
0x000000002fcfa000 	/System/Library/Frameworks/OpenCL.framework/Versions/A/OpenCL
0x000000002fcfa000 	/usr/lib/libcompression.dylib
0x000000002fcfa000 	/System/Library/Frameworks/ApplicationServices.framework/Versions/A/Frameworks/ATS.framework/Versions/A/Resources/libFontParser.dylib
0x000000002fcfa000 	/System/Library/Frameworks/ApplicationServices.framework/Versions/A/Frameworks/ATS.framework/Versions/A/Resources/libFontRegistry.dylib
0x000000002fcfa000 	/System/Library/Frameworks/ImageIO.framework/Versions/A/Resources/libJPEG.dylib
0x000000002fcfa000 	/System/Library/Frameworks/ImageIO.framework/Versions/A/Resources/libTIFF.dylib
0x000000002fcfa000 	/System/Library/Frameworks/ImageIO.framework/Versions/A/Resources/libPng.dylib
0x000000002fcfa000 	/System/Library/Frameworks/ImageIO.framework/Versions/A/Resources/libGIF.dylib
0x000000002fcfa000 	/System/Library/Frameworks/ImageIO.framework/Versions/A/Resources/libJP2.dylib
0x000000002fcfa000 	/System/Library/Frameworks/ImageIO.framework/Versions/A/Resources/libRadiance.dylib
0x000000002fcfa000 	/System/Library/PrivateFrameworks/AppleJPEG.framework/Versions/A/AppleJPEG
0x000000002fcfa000 	/System/Library/Frameworks/MetalPerformanceShaders.framework/Frameworks/MPSCore.framework/Versions/A/MPSCore
0x000000002fcfa000 	/System/Library/Frameworks/MetalPerformanceShaders.framework/Frameworks/MPSImage.framework/Versions/A/MPSImage
0x000000002fcfa000 	/System/Library/Frameworks/MetalPerformanceShaders.framework/Frameworks/MPSNeuralNetwork.framework/Versions/A/MPSNeuralNetwork
0x000000002fcfa000 	/System/Library/Frameworks/MetalPerformanceShaders.framework/Frameworks/MPSMatrix.framework/Versions/A/MPSMatrix
0x000000002fcfa000 	/System/Library/PrivateFrameworks/MetalTools.framework/Versions/A/MetalTools
0x000000002fcfa000 	/System/Library/Frameworks/OpenGL.framework/Versions/A/Libraries/libGLU.dylib
0x000000002fcfa000 	/System/Library/Frameworks/OpenGL.framework/Versions/A/Libraries/libGFXShared.dylib
0x000000002fcfa000 	/System/Library/Frameworks/OpenGL.framework/Versions/A/Libraries/libGL.dylib
0x000000002fcfa000 	/System/Library/Frameworks/OpenGL.framework/Versions/A/Libraries/libGLImage.dylib
0x000000002fcfa000 	/System/Library/Frameworks/OpenGL.framework/Versions/A/Libraries/libCVMSPluginSupport.dylib
0x000000002fcfa000 	/System/Library/Frameworks/OpenGL.framework/Versions/A/Libraries/libCoreVMClient.dylib
0x000000002fcfa000 	/usr/lib/libcups.2.dylib
0x000000002fcfa000 	/System/Library/Frameworks/Kerberos.framework/Versions/A/Kerberos
0x000000002fcfa000 	/System/Library/Frameworks/GSS.framework/Versions/A/GSS
0x000000002fcfa000 	/usr/lib/libresolv.9.dylib
0x000000002fcfa000 	/usr/lib/libiconv.2.dylib
0x000000002fcfa000 	/System/Library/PrivateFrameworks/Heimdal.framework/Versions/A/Heimdal
0x000000002fcfa000 	/usr/lib/libheimdal-asn1.dylib
0x000000002fcfa000 	/System/Library/Frameworks/OpenDirectory.framework/Versions/A/OpenDirectory
0x000000002fcfa000 	/System/Library/PrivateFrameworks/CommonAuth.framework/Versions/A/CommonAuth
0x000000002fcfa000 	/System/Library/Frameworks/OpenDirectory.framework/Versions/A/Frameworks/CFOpenDirectory.framework/Versions/A/CFOpenDirectory
0x000000002fcfa000 	/System/Library/Frameworks/SecurityFoundation.framework/Versions/A/SecurityFoundation
0x000000002fcfa000 	/System/Library/PrivateFrameworks/APFS.framework/Versions/A/APFS
0x000000002fcfa000 	/usr/lib/libutil.dylib
0x000000002fcfa000 	/System/Library/PrivateFrameworks/AppleSauce.framework/Versions/A/AppleSauce
0x000000002fcfa000 	/System/Library/PrivateFrameworks/LinguisticData.framework/Versions/A/LinguisticData
0x000000002fcfa000 	/usr/lib/libmarisa.dylib
0x000000002fcfa000 	/System/Library/PrivateFrameworks/Lexicon.framework/Versions/A/Lexicon
0x000000002fcfa000 	/usr/lib/libChineseTokenizer.dylib
0x000000002fcfa000 	/usr/lib/libcmph.dylib
0x000000002fcfa000 	/System/Library/PrivateFrameworks/LanguageModeling.framework/Versions/A/LanguageModeling
0x000000002fcfa000 	/System/Library/PrivateFrameworks/CoreEmoji.framework/Versions/A/CoreEmoji
0x000000002fcfa000 	/System/Library/Frameworks/ServiceManagement.framework/Versions/A/ServiceManagement
0x000000002fcfa000 	/System/Library/PrivateFrameworks/BackgroundTaskManagement.framework/Versions/A/BackgroundTaskManagement
0x000000002fcfa000 	/usr/lib/libxslt.1.dylib
0x000000002fcfa000 	/System/Library/Frameworks/Carbon.framework/Versions/A/Frameworks/Ink.framework/Versions/A/Ink
0x000000002fcfa000 	/System/Library/PrivateFrameworks/TextureIO.framework/Versions/A/TextureIO
0x000000002fcfa000 	/usr/lib/libate.dylib
0x000000002fcfa000 	/System/Library/PrivateFrameworks/CrashReporterSupport.framework/Versions/A/CrashReporterSupport
0x000000002fcfa000 	/System/Library/PrivateFrameworks/Sharing.framework/Versions/A/Sharing
0x000000002fcfa000 	/System/Library/PrivateFrameworks/IconServices.framework/Versions/A/IconServices
0x000000002fcfa000 	/System/Library/PrivateFrameworks/AuthKit.framework/Versions/A/AuthKit
0x000000002fcfa000 	/System/Library/PrivateFrameworks/Apple80211.framework/Versions/A/Apple80211
0x000000002fcfa000 	/System/Library/PrivateFrameworks/CoreUtils.framework/Versions/A/CoreUtils
0x000000002fcfa000 	/System/Library/Frameworks/CoreWLAN.framework/Versions/A/CoreWLAN
0x000000002fcfa000 	/System/Library/Frameworks/IOBluetooth.framework/Versions/A/IOBluetooth
0x000000002fcfa000 	/System/Library/PrivateFrameworks/ProtocolBuffer.framework/Versions/A/ProtocolBuffer
0x000000002fcfa000 	/System/Library/PrivateFrameworks/MobileKeyBag.framework/Versions/A/MobileKeyBag
0x000000002fcfa000 	/System/Library/PrivateFrameworks/CorePhoneNumbers.framework/Versions/A/CorePhoneNumbers
0x000000002fcfa000 	/System/Library/PrivateFrameworks/AppleIDAuthSupport.framework/Versions/A/AppleIDAuthSupport
0x000000002fcfa000 	/System/Library/PrivateFrameworks/KeychainCircle.framework/Versions/A/KeychainCircle
0x000000002fcfa000 	/System/Library/PrivateFrameworks/CoreWiFi.framework/Versions/A/CoreWiFi
0x000000002fcfa000 	/System/Library/Frameworks/CoreBluetooth.framework/Versions/A/CoreBluetooth
0x000000002fcfa000 	/System/Library/PrivateFrameworks/DebugSymbols.framework/Versions/A/DebugSymbols
0x000000002fcfa000 	/System/Library/PrivateFrameworks/CoreSymbolication.framework/Versions/A/CoreSymbolication
0x000000002fcfa000 	/System/Library/PrivateFrameworks/Symbolication.framework/Versions/A/Symbolication
0x000000002fcfa000 	/System/Library/PrivateFrameworks/AppleFSCompression.framework/Versions/A/AppleFSCompression
0x000000002fcfa000 	/System/Library/PrivateFrameworks/SpeechRecognitionCore.framework/Versions/A/SpeechRecognitionCore
0x000000010cc00000 	/Library/Java/JavaVirtualMachines/1.7.0.jdk/Contents/Home/jre/lib/server/libjvm.dylib
0x000000002fcfa000 	/usr/lib/libstdc++.6.0.9.dylib
0x000000010bbf0000 	/Library/Java/JavaVirtualMachines/1.7.0.jdk/Contents/Home/jre/lib/libverify.dylib
0x000000010d6a0000 	/Library/Java/JavaVirtualMachines/1.7.0.jdk/Contents/Home/jre/lib/libjava.dylib
0x000000010d718000 	/Library/Java/JavaVirtualMachines/1.7.0.jdk/Contents/Home/jre/lib/libzip.dylib
0x000000002fcfa000 	/System/Library/Frameworks/JavaVM.framework/Versions/A/Frameworks/JavaRuntimeSupport.framework/Versions/A/JavaRuntimeSupport
0x000000002fcfa000 	/System/Library/Frameworks/JavaVM.framework/Versions/A/Frameworks/JavaNativeFoundation.framework/Versions/A/JavaNativeFoundation
0x000000002fcfa000 	/System/Library/Frameworks/JavaVM.framework/Versions/A/JavaVM
0x000000002fcfa000 	/System/Library/Frameworks/Carbon.framework/Versions/A/Carbon
0x000000002fcfa000 	/System/Library/PrivateFrameworks/JavaLaunching.framework/Versions/A/JavaLaunching
0x000000002fcfa000 	/System/Library/Frameworks/Carbon.framework/Versions/A/Frameworks/CommonPanels.framework/Versions/A/CommonPanels
0x000000002fcfa000 	/System/Library/Frameworks/Carbon.framework/Versions/A/Frameworks/Help.framework/Versions/A/Help
0x000000002fcfa000 	/System/Library/Frameworks/Carbon.framework/Versions/A/Frameworks/ImageCapture.framework/Versions/A/ImageCapture
0x000000002fcfa000 	/System/Library/Frameworks/Carbon.framework/Versions/A/Frameworks/OpenScripting.framework/Versions/A/OpenScripting
0x000000002fcfa000 	/System/Library/Frameworks/Carbon.framework/Versions/A/Frameworks/Print.framework/Versions/A/Print
0x000000002fcfa000 	/System/Library/Frameworks/Carbon.framework/Versions/A/Frameworks/SecurityHI.framework/Versions/A/SecurityHI

VM Arguments:
jvm_args: -Dfile.encoding=UTF-8 
java_command: client.Main
Launcher Type: SUN_STANDARD

Environment Variables:
PATH=/usr/bin:/bin:/usr/sbin:/sbin
SHELL=/bin/bash

Signal Handlers:
SIGSEGV: [libjvm.dylib+0x4a177d], sa_mask[0]=0xfffefeff, sa_flags=0x00000042
SIGBUS: [libjvm.dylib+0x4a177d], sa_mask[0]=0xfffefeff, sa_flags=0x00000042
SIGFPE: [libjvm.dylib+0x3b1541], sa_mask[0]=0xfffefeff, sa_flags=0x00000042
SIGPIPE: [libjvm.dylib+0x3b1541], sa_mask[0]=0xfffefeff, sa_flags=0x00000042
SIGXFSZ: [libjvm.dylib+0x3b1541], sa_mask[0]=0xfffefeff, sa_flags=0x00000042
SIGILL: [libjvm.dylib+0x3b1541], sa_mask[0]=0xfffefeff, sa_flags=0x00000042
SIGUSR1: SIG_DFL, sa_mask[0]=0x00000000, sa_flags=0x00000000
SIGUSR2: [libjvm.dylib+0x3b10ce], sa_mask[0]=0x00000004, sa_flags=0x00000042
SIGHUP: [libjvm.dylib+0x3af2f3], sa_mask[0]=0xfffefeff, sa_flags=0x00000042
SIGINT: [libjvm.dylib+0x3af2f3], sa_mask[0]=0xfffefeff, sa_flags=0x00000042
SIGTERM: [libjvm.dylib+0x3af2f3], sa_mask[0]=0xfffefeff, sa_flags=0x00000042
SIGQUIT: [libjvm.dylib+0x3af2f3], sa_mask[0]=0xfffefeff, sa_flags=0x00000042


---------------  S Y S T E M  ---------------

OS:Bsd
uname:Darwin 17.7.0 Darwin Kernel Version 17.7.0: Wed Apr 24 21:17:24 PDT 2019; root:xnu-4570.71.45~1/RELEASE_X86_64 x86_64
rlimit: STACK 8192k, CORE 0k, NPROC 709, NOFILE 10240
CPU:total 8 (4 cores per cpu, 2 threads per core) family 6 model 42 stepping 7, cmov, cx8, fxsr, mmx, sse, sse2, sse3, ssse3, sse4.1, sse4.2, popcnt, avx, ht, tsc, tscinvbit

Memory: 4k page, physical 17803292277636556k(4450823069409139k free)

/proc/meminfo:


vm_info: Java HotSpot(TM) 64-Bit Server VM (23.0-b21) for bsd-amd64 JRE (1.7.0_04-b21), built on Apr 19 2012 22:33:17 by "java_re" with gcc 4.2.1 (Based on Apple Inc. build 5658) (LLVM build 2336.1.00)

time: Thu Jun 20 22:10:40 2019
elapsed time: 0 seconds

